<?xml version="1.0" encoding="UTF-8"?>
<!-- Generated by org.testng.reporters.JUnitReportReporter -->
<testsuite skipped="0" hostname="Mayank-PC" name="com.crm.qa.test.loginpagetest" tests="4" failures="0" timestamp="17 May 2018 18:04:15 GMT" time="74.168" errors="0">
  <testcase name="VerifyTitle" time="12.628" classname="com.crm.qa.test.loginpagetest"/>
  <testcase name="VerifyLogin" time="24.065" classname="com.crm.qa.test.loginpagetest"/>
  <testcase name="VerifySignuplink" time="22.071" classname="com.crm.qa.test.loginpagetest"/>
  <testcase name="VerifyForgetpasswordlink" time="15.404" classname="com.crm.qa.test.loginpagetest"/>
</testsuite> <!-- com.crm.qa.test.loginpagetest -->
