<?xml version="1.0" encoding="UTF-8"?>
<!-- Generated by org.testng.reporters.JUnitReportReporter -->
<testsuite skipped="0" hostname="Mayank-PC" name="com.crm.qa.test.logintest" tests="1" failures="0" timestamp="24 Apr 2018 18:18:58 GMT" time="0.089" errors="0">
  <testcase name="verifytitle" time="0.089" classname="com.crm.qa.test.logintest"/>
</testsuite> <!-- com.crm.qa.test.logintest -->
