<?xml version="1.0" encoding="UTF-8"?>
<!-- Generated by org.testng.reporters.JUnitReportReporter -->
<testsuite skipped="0" hostname="Mayank-PC" name="com.crm.qa.datasource.datasource_reader" tests="4" failures="0" timestamp="23 May 2018 17:42:43 GMT" time="8.037" errors="0">
  <testcase name="createnewcontact" time="2.004" classname="com.crm.qa.datasource.datasource_reader"/>
  <testcase name="createnewcontact" time="2.006" classname="com.crm.qa.datasource.datasource_reader"/>
  <testcase name="createnewcontact" time="2.003" classname="com.crm.qa.datasource.datasource_reader"/>
  <testcase name="createnewcontact" time="2.024" classname="com.crm.qa.datasource.datasource_reader"/>
</testsuite> <!-- com.crm.qa.datasource.datasource_reader -->
