<?xml version="1.0" encoding="UTF-8"?>
<!-- Generated by org.testng.reporters.JUnitReportReporter -->
<testsuite skipped="0" hostname="Mayank-PC" name="com.crm.qa.utility.Brokenlinks" tests="1" failures="0" timestamp="22 May 2018 17:15:52 GMT" time="33.984" errors="0">
  <testcase name="verify_brokenlinks" time="33.984" classname="com.crm.qa.utility.Brokenlinks"/>
</testsuite> <!-- com.crm.qa.utility.Brokenlinks -->
